<?xml version="1.0" encoding="UTF-8"?>
<!-- Generated by org.testng.reporters.JUnitReportReporter -->
<testsuite hostname="LIN-5CD5329NX8" failures="0" tests="3" name="com.Gmail.Users.Runner.TestRunner2" time="21.751" errors="0" timestamp="2025-10-29T16:17:53 IST" skipped="0">
  <testcase classname="com.Gmail.Users.Runner.TestRunner2" name="runScenario" time="6.332"/>
  <testcase classname="com.Gmail.Users.Runner.TestRunner2" name="runScenario" time="7.399"/>
  <testcase classname="com.Gmail.Users.Runner.TestRunner2" name="runScenario" time="8.020"/>
</testsuite> <!-- com.Gmail.Users.Runner.TestRunner2 -->
